[2019-12-02T23:15:00.325] [INFO] dishes - server is listening on port 8700
[2019-12-02T23:15:03.712] [INFO] dishes - req /////
[2019-12-02T23:15:04.960] [INFO] dishes - req /////
[2019-12-02T23:15:05.794] [INFO] dishes - req /////
[2019-12-02T23:29:27.600] [INFO] dishes - server is listening on port 8700
[2019-12-02T23:29:32.681] [INFO] dishes - req /////
[2019-12-02T23:30:22.730] [INFO] dishes - server is listening on port 8700
[2019-12-02T23:51:07.550] [INFO] dishes - server is listening on port 8700
[2019-12-07T15:56:54.243] [INFO] dishes - server is listening on port 8700
[2019-12-07T15:57:16.240] [INFO] dishes - req /////
[2019-12-07T16:04:34.599] [INFO] dishes - server is listening on port 8700
[2019-12-07T17:04:00.954] [INFO] dishes - server is listening on port 8700
[2019-12-07T17:13:55.624] [INFO] dishes - server is listening on port 8700
[2019-12-07T17:15:27.656] [INFO] dishes - server is listening on port 8700
[2019-12-07T17:23:01.587] [INFO] dishes - server is listening on port 8700
[2019-12-07T17:32:56.040] [INFO] dishes - server is listening on port 8700
[2019-12-07T17:34:41.077] [INFO] dishes - server is listening on port 8700
[2019-12-07T17:35:04.570] [INFO] dishes - server is listening on port 8700
[2019-12-07T17:35:33.792] [INFO] dishes - server is listening on port 8700
[2019-12-07T17:35:58.851] [INFO] dishes - server is listening on port 8700
[2019-12-07T17:36:06.807] [INFO] dishes - req ingredients/list
[2019-12-07T17:36:58.714] [INFO] dishes - req ingredients/list
[2019-12-07T17:38:08.449] [INFO] dishes - req ingredients/list
[2019-12-07T17:38:18.994] [INFO] dishes - req ingredients/list
[2019-12-07T17:38:45.273] [INFO] dishes - req ingredients/list
[2019-12-07T17:42:16.371] [INFO] dishes - req ingredients/list
[2019-12-07T17:42:22.984] [INFO] dishes - req ingredients/list
[2019-12-07T17:42:46.937] [INFO] dishes - req ingredients/list
[2019-12-07T17:43:30.321] [INFO] dishes - req ingredients/list
[2019-12-07T17:45:33.113] [INFO] dishes - server is listening on port 8700
[2019-12-07T17:45:56.971] [INFO] dishes - server is listening on port 8700
[2019-12-07T17:46:12.189] [INFO] dishes - server is listening on port 8700
[2019-12-07T17:47:00.202] [INFO] dishes - server is listening on port 8700
[2019-12-07T17:47:17.161] [INFO] dishes - server is listening on port 8700
[2019-12-07T17:47:50.497] [INFO] dishes - server is listening on port 8700
[2019-12-07T17:47:54.221] [INFO] dishes - server is listening on port 8700
[2019-12-07T17:48:38.268] [INFO] dishes - server is listening on port 8700
[2019-12-07T17:49:06.036] [INFO] dishes - req ingredients/list
[2019-12-07T20:20:52.649] [INFO] dishes - server is listening on port 8700
[2019-12-07T20:20:53.320] [INFO] dishes - server is listening on port 8700
[2019-12-07T20:21:20.140] [INFO] dishes - req ingredients/list
[2019-12-07T20:21:47.317] [INFO] dishes - server is listening on port 8700
[2019-12-07T20:23:44.510] [INFO] dishes - server is listening on port 8700
[2019-12-07T20:24:16.648] [INFO] dishes - server is listening on port 8700
[2019-12-07T20:24:17.527] [INFO] dishes - server is listening on port 8700
[2019-12-07T20:24:29.569] [INFO] dishes - server is listening on port 8700
[2019-12-07T20:24:59.642] [INFO] dishes - server is listening on port 8700
[2019-12-07T20:25:11.711] [INFO] dishes - server is listening on port 8700
[2019-12-07T20:25:24.725] [INFO] dishes - server is listening on port 8700
[2019-12-07T20:25:54.839] [INFO] dishes - server is listening on port 8700
[2019-12-07T20:27:28.175] [INFO] dishes - server is listening on port 8700
[2019-12-07T20:30:43.607] [INFO] dishes - server is listening on port 8700
[2019-12-07T20:31:07.988] [INFO] dishes - server is listening on port 8700
[2019-12-07T20:32:56.409] [INFO] dishes - req ingredients/list
[2019-12-07T20:34:43.609] [INFO] dishes - req ingredients/list
[2019-12-07T20:36:41.806] [INFO] dishes - req ingredients/list
[2019-12-07T20:40:55.642] [INFO] dishes - req ingredients/list
[2019-12-07T20:42:07.342] [INFO] dishes - req ingredients/list
[2019-12-07T20:42:15.711] [INFO] dishes - req ingredients/list
[2019-12-07T20:42:27.915] [INFO] dishes - req ingredients/list
[2019-12-07T20:43:00.673] [INFO] dishes - req ingredients/list
[2019-12-07T20:43:40.210] [INFO] dishes - req ingredients/list
[2019-12-07T20:45:54.626] [INFO] dishes - req ingredients/list
[2019-12-07T20:46:20.514] [INFO] dishes - req ingredients/list
[2019-12-07T20:47:51.164] [INFO] dishes - server is listening on port 8700
[2019-12-07T20:48:17.803] [INFO] dishes - req ingredients/list
[2019-12-07T20:49:26.528] [INFO] dishes - req ingredients/list
[2019-12-07T20:50:54.895] [INFO] dishes - req ingredients/list
[2019-12-07T20:54:03.082] [INFO] dishes - server is listening on port 8700
[2019-12-07T20:54:39.243] [INFO] dishes - req ingredients/list
[2019-12-07T20:55:56.315] [INFO] dishes - server is listening on port 8700
[2019-12-07T20:56:11.223] [INFO] dishes - server is listening on port 8700
[2019-12-07T20:56:21.217] [INFO] dishes - server is listening on port 8700
[2019-12-07T20:56:30.460] [INFO] dishes - server is listening on port 8700
[2019-12-07T20:56:45.842] [INFO] dishes - req ingredients/list
[2019-12-07T20:59:03.646] [INFO] dishes - req ingredients/list
[2019-12-07T21:00:04.566] [INFO] dishes - req ingredients/list
[2019-12-07T21:00:37.706] [INFO] dishes - req ingredients/list
[2019-12-07T21:02:42.408] [INFO] dishes - req ingredients/list
[2019-12-07T21:24:37.173] [INFO] dishes - server is listening on port 8700
[2019-12-07T21:24:47.400] [INFO] dishes - req ingredients/list
[2019-12-07T21:25:26.258] [INFO] dishes - server is listening on port 8700
[2019-12-07T21:26:17.389] [INFO] dishes - server is listening on port 8700
[2019-12-07T21:27:58.820] [INFO] dishes - server is listening on port 8700
[2019-12-07T21:27:59.519] [INFO] dishes - server is listening on port 8700
[2019-12-07T21:28:23.569] [INFO] dishes - server is listening on port 8700
[2019-12-07T21:28:58.645] [INFO] dishes - server is listening on port 8700
[2019-12-07T21:29:39.792] [INFO] dishes - server is listening on port 8700
[2019-12-07T21:29:48.785] [INFO] dishes - server is listening on port 8700
[2019-12-07T21:30:27.884] [INFO] dishes - server is listening on port 8700
[2019-12-07T21:30:59.011] [INFO] dishes - server is listening on port 8700
[2019-12-07T21:32:39.453] [INFO] dishes - server is listening on port 8700
[2019-12-07T21:32:49.300] [INFO] dishes - server is listening on port 8700
[2019-12-07T21:33:29.602] [INFO] dishes - server is listening on port 8700
[2019-12-07T21:34:08.648] [INFO] dishes - server is listening on port 8700
[2019-12-07T21:35:25.935] [INFO] dishes - server is listening on port 8700
[2019-12-07T21:35:54.968] [INFO] dishes - server is listening on port 8700
[2019-12-07T21:36:52.584] [INFO] dishes - server is listening on port 8700
[2019-12-07T21:39:05.947] [INFO] dishes - server is listening on port 8700
[2019-12-07T21:42:55.660] [INFO] dishes - server is listening on port 8700
[2019-12-07T21:43:59.818] [INFO] dishes - server is listening on port 8700
[2019-12-07T21:44:42.956] [INFO] dishes - server is listening on port 8700
[2019-12-07T21:47:03.463] [INFO] dishes - server is listening on port 8700
[2019-12-07T21:47:16.856] [INFO] dishes - post /ingredients/add
[2019-12-07T22:24:43.082] [INFO] dishes - req ingredients/list
[2019-12-07T22:27:13.802] [INFO] dishes - req ingredients/list
[2019-12-07T22:27:22.791] [INFO] dishes - req ingredients/list
[2019-12-07T22:28:09.551] [INFO] dishes - post /ingredients/add
[2019-12-07T22:28:09.645] [INFO] dishes - req ingredients/list
[2019-12-07T22:29:18.208] [INFO] dishes - server is listening on port 8700
[2019-12-07T22:30:09.092] [INFO] dishes - post /ingredients/add
[2019-12-07T22:30:09.233] [INFO] dishes - req ingredients/list
[2019-12-07T23:51:29.830] [INFO] dishes - post /ingredients/add
[2019-12-07T23:51:30.082] [INFO] dishes - req ingredients/list
[2019-12-07T23:53:05.553] [INFO] dishes - server is listening on port 8700
[2019-12-07T23:53:17.526] [INFO] dishes - server is listening on port 8700
[2019-12-07T23:54:47.722] [INFO] dishes - server is listening on port 8700
[2019-12-07T23:55:35.211] [INFO] dishes - post /ingredients/add
[2019-12-07T23:55:35.351] [INFO] dishes - req ingredients/list
[2019-12-07T23:57:16.234] [INFO] dishes - req ingredients/list
[2019-12-07T23:57:33.270] [INFO] dishes - req ingredients/list
[2019-12-07T23:57:57.126] [INFO] dishes - req ingredients/list
[2019-12-07T23:58:35.547] [INFO] dishes - req ingredients/list
[2019-12-07T23:58:49.996] [INFO] dishes - req ingredients/list
[2019-12-08T00:15:37.014] [INFO] dishes - req ingredients/list
[2019-12-08T00:16:11.017] [INFO] dishes - server is listening on port 8700
[2019-12-08T00:16:27.948] [INFO] dishes - server is listening on port 8700
[2019-12-08T00:16:36.852] [INFO] dishes - req dishes/list
[2019-12-08T00:16:40.867] [INFO] dishes - req dishes/list
[2019-12-08T00:16:40.927] [INFO] dishes - req ingredients/list
[2019-12-08T00:16:48.037] [INFO] dishes - req dishes/list
[2019-12-08T00:16:48.046] [INFO] dishes - req ingredients/list
[2019-12-08T00:17:41.703] [INFO] dishes - req dishes/list
[2019-12-08T00:17:41.745] [INFO] dishes - req ingredients/list
[2019-12-08T00:19:07.835] [INFO] dishes - req dishes/list
[2019-12-08T00:19:07.836] [INFO] dishes - req ingredients/list
[2019-12-08T00:19:23.275] [INFO] dishes - req dishes/list
[2019-12-08T00:19:23.313] [INFO] dishes - req ingredients/list
[2019-12-08T00:19:42.553] [INFO] dishes - req dishes/list
[2019-12-08T00:19:42.555] [INFO] dishes - req ingredients/list
[2019-12-08T00:20:19.531] [INFO] dishes - server is listening on port 8700
[2019-12-08T00:21:13.153] [INFO] dishes - req ingredients/list
[2019-12-08T00:21:13.173] [INFO] dishes - req dishes/list
[2019-12-08T00:21:46.624] [INFO] dishes - server is listening on port 8700
[2019-12-08T00:22:07.644] [INFO] dishes - server is listening on port 8700
[2019-12-08T00:22:31.735] [INFO] dishes - server is listening on port 8700
[2019-12-08T00:22:44.780] [INFO] dishes - server is listening on port 8700
[2019-12-08T00:23:31.861] [INFO] dishes - server is listening on port 8700
[2019-12-08T00:24:01.981] [INFO] dishes - server is listening on port 8700
[2019-12-08T00:24:13.010] [INFO] dishes - server is listening on port 8700
[2019-12-08T00:26:51.010] [INFO] dishes - req dishes/list
[2019-12-08T00:26:51.020] [INFO] dishes - req ingredients/list
[2019-12-08T00:27:43.876] [INFO] dishes - post /ingredients/add
[2019-12-08T00:27:43.967] [INFO] dishes - req ingredients/list
[2019-12-08T00:27:53.806] [INFO] dishes - post /ingredients/add
[2019-12-08T00:27:53.894] [INFO] dishes - req ingredients/list
[2019-12-08T00:29:33.729] [INFO] dishes - req ingredients/list
[2019-12-08T00:29:33.730] [INFO] dishes - req dishes/list
[2019-12-08T10:05:03.688] [INFO] dishes - post /ingredients/add
[2019-12-08T10:05:03.900] [INFO] dishes - req ingredients/list
[2019-12-08T10:05:04.130] [INFO] dishes - post /ingredients/add
[2019-12-08T10:05:04.216] [INFO] dishes - req ingredients/list
[2019-12-08T10:05:15.612] [INFO] dishes - req dishes/list
[2019-12-08T10:05:15.646] [INFO] dishes - req ingredients/list
[2019-12-08T10:05:30.084] [INFO] dishes - req dishes/list
[2019-12-08T10:06:01.622] [INFO] dishes - server is listening on port 8700
[2019-12-08T10:06:28.595] [INFO] dishes - server is listening on port 8700
[2019-12-08T10:07:29.143] [INFO] dishes - req dishes/list
[2019-12-08T10:07:29.268] [INFO] dishes - req dishes/list
[2019-12-08T10:08:56.060] [INFO] dishes - server is listening on port 8700
[2019-12-08T10:10:53.890] [INFO] dishes - server is listening on port 8700
[2019-12-08T10:11:09.907] [INFO] dishes - server is listening on port 8700
[2019-12-08T10:11:30.560] [INFO] dishes - req ingredients/list
[2019-12-08T10:11:30.568] [INFO] dishes - req dishes/list
[2019-12-08T10:12:18.791] [INFO] dishes - req dishes/list
[2019-12-08T10:12:18.797] [INFO] dishes - req ingredients/list
[2019-12-08T10:12:43.424] [INFO] dishes - post /ingredients/add
[2019-12-08T10:12:43.522] [INFO] dishes - req ingredients/list
[2019-12-08T10:13:15.382] [INFO] dishes - server is listening on port 8700
[2019-12-08T10:14:09.409] [INFO] dishes - server is listening on port 8700
[2019-12-08T10:14:47.673] [INFO] dishes - server is listening on port 8700
[2019-12-08T10:14:50.203] [INFO] dishes - req dishes/list
[2019-12-08T10:14:50.361] [INFO] dishes - req dishes/list
[2019-12-08T10:16:38.950] [INFO] dishes - server is listening on port 8700
[2019-12-08T10:17:29.714] [INFO] dishes - req dishes/list
[2019-12-08T10:17:29.852] [INFO] dishes - req dishes/list
[2019-12-08T10:17:49.637] [INFO] dishes - req dishes/list
[2019-12-08T10:17:49.686] [INFO] dishes - req ingredients/list
[2019-12-08T10:36:31.113] [INFO] dishes - server is listening on port 8700
[2019-12-08T10:36:57.206] [INFO] dishes - server is listening on port 8700
[2019-12-08T10:37:14.085] [INFO] dishes - server is listening on port 8700
[2019-12-08T10:37:28.158] [INFO] dishes - server is listening on port 8700
[2019-12-08T10:38:30.421] [INFO] dishes - server is listening on port 8700
[2019-12-08T10:38:54.627] [INFO] dishes - server is listening on port 8700
[2019-12-08T10:39:40.712] [INFO] dishes - server is listening on port 8700
[2019-12-08T10:39:43.150] [INFO] dishes - req dishes/list
[2019-12-08T10:40:04.489] [INFO] dishes - server is listening on port 8700
[2019-12-08T10:40:04.828] [INFO] dishes - req dishes/list
[2019-12-08T10:41:30.840] [INFO] dishes - server is listening on port 8700
[2019-12-08T10:41:55.038] [INFO] dishes - server is listening on port 8700
[2019-12-08T10:42:06.866] [INFO] dishes - server is listening on port 8700
[2019-12-08T10:42:37.049] [INFO] dishes - server is listening on port 8700
[2019-12-08T10:43:03.933] [INFO] dishes - server is listening on port 8700
[2019-12-08T10:43:14.091] [INFO] dishes - server is listening on port 8700
[2019-12-08T10:43:41.228] [INFO] dishes - req dishes/list
[2019-12-08T10:59:08.298] [INFO] dishes - server is listening on port 8700
[2019-12-08T10:59:44.269] [INFO] dishes - server is listening on port 8700
[2019-12-08T10:59:56.839] [INFO] dishes - req ingredients/list
[2019-12-08T11:00:45.395] [INFO] dishes - server is listening on port 8700
[2019-12-08T11:00:55.285] [INFO] dishes - server is listening on port 8700
[2019-12-08T11:05:26.871] [INFO] dishes - server is listening on port 8700
[2019-12-08T11:06:10.996] [INFO] dishes - post /ingredients/add
[2019-12-08T11:06:11.097] [INFO] dishes - req ingredients/list
[2019-12-08T11:07:03.544] [INFO] dishes - req ingredients/list
[2019-12-08T11:07:03.602] [INFO] dishes - req dishes/list
[2019-12-08T11:10:46.207] [INFO] dishes - req dishes/list
[2019-12-08T11:10:46.227] [INFO] dishes - req ingredients/list
